C51 COMPILER V9.60.7.0   BUTTON                                                            12/20/2024 11:45:43 PAGE 1   


C51 COMPILER V9.60.7.0, COMPILATION OF MODULE BUTTON
OBJECT MODULE PLACED IN .\Objects\button.obj
COMPILER INVOKED BY: D:\College\APP\C51\BIN\C51.EXE button.c OPTIMIZE(8,SPEED) BROWSE DEBUG OBJECTEXTEND PRINT(.\Listing
                    -s\button.lst) TABS(2) OBJECT(.\Objects\button.obj)

line level    source

   1          #include "button.h"
   2          #include "delay.h"
   3          
   4          // Function to control the bottun state
   5          void AC_button_status(unsigned char status){
   6   1          if (status == BUTTON_ON) {
   7   2              AC_button = BUTTON_ON; // Turn buzzer ON
   8   2          } 
   9   1          else  {
  10   2              AC_button = BUTTON_OFF; // Turn buzzer OFF
  11   2          }
  12   1      }
  13          void Light_button_status(unsigned char status){
  14   1          if (status == BUTTON_ON) {
  15   2              Light_button = BUTTON_ON; // Turn buzzer ON
  16   2          } 
  17   1          else  {
  18   2              Light_button = BUTTON_OFF; // Turn buzzer OFF
  19   2          }
  20   1      }


MODULE INFORMATION:   STATIC OVERLAYABLE
   CODE SIZE        =     18    ----
   CONSTANT SIZE    =   ----    ----
   XDATA SIZE       =   ----    ----
   PDATA SIZE       =   ----    ----
   DATA SIZE        =   ----    ----
   IDATA SIZE       =   ----    ----
   BIT SIZE         =   ----    ----
END OF MODULE INFORMATION.


C51 COMPILATION COMPLETE.  0 WARNING(S),  0 ERROR(S)
