C51 COMPILER V9.60.7.0   LEDS                                                              12/20/2024 12:23:26 PAGE 1   


C51 COMPILER V9.60.7.0, COMPILATION OF MODULE LEDS
OBJECT MODULE PLACED IN .\Objects\leds.obj
COMPILER INVOKED BY: D:\College\APP\C51\BIN\C51.EXE leds.c OPTIMIZE(8,SPEED) BROWSE DEBUG OBJECTEXTEND PRINT(.\Listings\
                    -leds.lst) TABS(2) OBJECT(.\Objects\leds.obj)

line level    source

   1          #include "leds.h"
   2          
   3          void WHITE_ledStatus(unsigned char status)
   4          {
   5   1          if(status == LED_ON)
   6   1          {
   7   2            W_led = LED_ON;
   8   2          }
   9   1          else
  10   1          {
  11   2            W_led = LED_OFF;
  12   2          }
  13   1      }
  14          
  15          void BLUE_ledStatus(unsigned char status)
  16          {
  17   1        if(status == LED_ON)
  18   1          {
  19   2            B_led = LED_ON;
  20   2          }
  21   1          else
  22   1          {
  23   2            B_led = LED_OFF;
  24   2          }
  25   1      }
  26          
  27          void YELLOW_ledStatus(unsigned char status)
  28          {
  29   1        if(status == LED_ON)
  30   1          {
  31   2            Y_led = LED_ON;
  32   2          }
  33   1          else
  34   1          {
  35   2            Y_led = LED_OFF;
  36   2          }
  37   1      }
  38          
  39          void ORANGE_ledStatus(unsigned char status)
  40          {
  41   1        if(status == LED_ON)
  42   1          {
  43   2            O_led = LED_ON;
  44   2          }
  45   1          else
  46   1          {
  47   2            O_led = LED_OFF;
  48   2          }
  49   1      }
  50          
  51          


MODULE INFORMATION:   STATIC OVERLAYABLE
C51 COMPILER V9.60.7.0   LEDS                                                              12/20/2024 12:23:26 PAGE 2   

   CODE SIZE        =     36    ----
   CONSTANT SIZE    =   ----    ----
   XDATA SIZE       =   ----    ----
   PDATA SIZE       =   ----    ----
   DATA SIZE        =   ----    ----
   IDATA SIZE       =   ----    ----
   BIT SIZE         =   ----    ----
END OF MODULE INFORMATION.


C51 COMPILATION COMPLETE.  0 WARNING(S),  0 ERROR(S)
