C51 COMPILER V9.60.7.0   BUZZER                                                            12/20/2024 10:30:32 PAGE 1   


C51 COMPILER V9.60.7.0, COMPILATION OF MODULE BUZZER
OBJECT MODULE PLACED IN .\Objects\Buzzer.obj
COMPILER INVOKED BY: D:\College\APP\C51\BIN\C51.EXE Buzzer.c OPTIMIZE(8,SPEED) BROWSE DEBUG OBJECTEXTEND PRINT(.\Listing
                    -s\Buzzer.lst) TABS(2) OBJECT(.\Objects\Buzzer.obj)

line level    source

   1          #include "Buzzer.h"
   2          #include "delay.h"
   3          
   4          // Function to control the buzzer state
   5          void BUZZER_status(unsigned char status) {
   6   1          if (status == BUZZER_ON) {
   7   2              BUZZER = BUZZER_ON; // Turn buzzer ON
   8   2          } 
   9   1          else  {
  10   2              BUZZER = BUZZER_OFF; // Turn buzzer OFF
  11   2          }
  12   1      }


MODULE INFORMATION:   STATIC OVERLAYABLE
   CODE SIZE        =      9    ----
   CONSTANT SIZE    =   ----    ----
   XDATA SIZE       =   ----    ----
   PDATA SIZE       =   ----    ----
   DATA SIZE        =   ----    ----
   IDATA SIZE       =   ----    ----
   BIT SIZE         =   ----    ----
END OF MODULE INFORMATION.


C51 COMPILATION COMPLETE.  0 WARNING(S),  0 ERROR(S)
