C51 COMPILER V9.60.7.0   KEYPAD                                                            12/20/2024 10:30:32 PAGE 1   


C51 COMPILER V9.60.7.0, COMPILATION OF MODULE KEYPAD
OBJECT MODULE PLACED IN .\Objects\keypad.obj
COMPILER INVOKED BY: D:\College\APP\C51\BIN\C51.EXE keypad.c OPTIMIZE(8,SPEED) BROWSE DEBUG OBJECTEXTEND PRINT(.\Listing
                    -s\keypad.lst) TABS(2) OBJECT(.\Objects\keypad.obj)

line level    source

   1          #include "keypad.h"
   2          #include "delay.h"
   3          
   4          /* Function to get the pressed key */
   5          unsigned char KEYPAD_getPressedKey(void)
   6          {
   7   1          while (1)
   8   1          {
   9   2              // Initialize all columns to high
  10   2              KEYPAD_COL_Pin_1 = 1;
  11   2              KEYPAD_COL_Pin_2 = 1;
  12   2              KEYPAD_COL_Pin_3 = 1;
  13   2      
  14   2              delay_ms(50);
  15   2      
  16   2              // Activate each row and check the columns
  17   2              KEYPAD_ROW_Pin_1 = 0;
  18   2              KEYPAD_ROW_Pin_2 = 1;
  19   2              KEYPAD_ROW_Pin_3 = 1;
  20   2              KEYPAD_ROW_Pin_4 = 1;
  21   2      
  22   2              if (KEYPAD_COL_Pin_1 == 0) { delay_ms(50); while (KEYPAD_COL_Pin_1 == 0); return '1'; }
  23   2              if (KEYPAD_COL_Pin_2 == 0) { delay_ms(50); while (KEYPAD_COL_Pin_2 == 0); return '2'; }
  24   2              if (KEYPAD_COL_Pin_3 == 0) { delay_ms(50); while (KEYPAD_COL_Pin_3 == 0); return '3'; }
  25   2      
  26   2              KEYPAD_ROW_Pin_1 = 1;
  27   2              KEYPAD_ROW_Pin_2 = 0;
  28   2              KEYPAD_ROW_Pin_3 = 1;
  29   2              KEYPAD_ROW_Pin_4 = 1;
  30   2      
  31   2              if (KEYPAD_COL_Pin_1 == 0) { delay_ms(50); while (KEYPAD_COL_Pin_1 == 0); return '4'; }
  32   2              if (KEYPAD_COL_Pin_2 == 0) { delay_ms(50); while (KEYPAD_COL_Pin_2 == 0); return '5'; }
  33   2              if (KEYPAD_COL_Pin_3 == 0) { delay_ms(50); while (KEYPAD_COL_Pin_3 == 0); return '6'; }
  34   2      
  35   2              KEYPAD_ROW_Pin_1 = 1;
  36   2              KEYPAD_ROW_Pin_2 = 1;
  37   2              KEYPAD_ROW_Pin_3 = 0;
  38   2              KEYPAD_ROW_Pin_4 = 1;
  39   2      
  40   2              if (KEYPAD_COL_Pin_1 == 0) { delay_ms(50); while (KEYPAD_COL_Pin_1 == 0); return '7'; }
  41   2              if (KEYPAD_COL_Pin_2 == 0) { delay_ms(50); while (KEYPAD_COL_Pin_2 == 0); return '8'; }
  42   2              if (KEYPAD_COL_Pin_3 == 0) { delay_ms(50); while (KEYPAD_COL_Pin_3 == 0); return '9'; }
  43   2      
  44   2              KEYPAD_ROW_Pin_1 = 1;
  45   2              KEYPAD_ROW_Pin_2 = 1;
  46   2              KEYPAD_ROW_Pin_3 = 1;
  47   2              KEYPAD_ROW_Pin_4 = 0;
  48   2      
  49   2              if (KEYPAD_COL_Pin_1 == 0) { delay_ms(50); while (KEYPAD_COL_Pin_1 == 0); return '*'; }
  50   2              if (KEYPAD_COL_Pin_2 == 0) { delay_ms(50); while (KEYPAD_COL_Pin_2 == 0); return '0'; }
  51   2              if (KEYPAD_COL_Pin_3 == 0) { delay_ms(50); while (KEYPAD_COL_Pin_3 == 0); return '#'; }
  52   2          }
  53   1      }
  54          
C51 COMPILER V9.60.7.0   KEYPAD                                                            12/20/2024 10:30:32 PAGE 2   



MODULE INFORMATION:   STATIC OVERLAYABLE
   CODE SIZE        =    240    ----
   CONSTANT SIZE    =   ----    ----
   XDATA SIZE       =   ----    ----
   PDATA SIZE       =   ----    ----
   DATA SIZE        =   ----    ----
   IDATA SIZE       =   ----    ----
   BIT SIZE         =   ----    ----
END OF MODULE INFORMATION.


C51 COMPILATION COMPLETE.  0 WARNING(S),  0 ERROR(S)
