C51 COMPILER V9.60.7.0   LEDS                                                              12/20/2024 10:30:32 PAGE 1   


C51 COMPILER V9.60.7.0, COMPILATION OF MODULE LEDS
OBJECT MODULE PLACED IN .\Objects\leds.obj
COMPILER INVOKED BY: D:\College\APP\C51\BIN\C51.EXE leds.c OPTIMIZE(8,SPEED) BROWSE DEBUG OBJECTEXTEND PRINT(.\Listings\
                    -leds.lst) TABS(2) OBJECT(.\Objects\leds.obj)

line level    source

   1          #include "leds.h"
   2          
   3          sbit R_led  = P0^5;
   4          sbit G_led  = P0^4;
   5          
   6          void RED_ledStatus(unsigned char status)
   7          {
   8   1          if(status == LED_ON)
   9   1          {
  10   2            R_led = LED_ON;
  11   2          }
  12   1          else
  13   1          {
  14   2            R_led = LED_OFF;
  15   2          }
  16   1      }
  17          
  18          void GREEN_ledStatus(unsigned char status)
  19          {
  20   1        if(status == LED_ON)
  21   1          {
  22   2            G_led = LED_ON;
  23   2          }
  24   1          else
  25   1          {
  26   2            G_led = LED_OFF;
  27   2          }
  28   1      }


MODULE INFORMATION:   STATIC OVERLAYABLE
   CODE SIZE        =     18    ----
   CONSTANT SIZE    =   ----    ----
   XDATA SIZE       =   ----    ----
   PDATA SIZE       =   ----    ----
   DATA SIZE        =   ----    ----
   IDATA SIZE       =   ----    ----
   BIT SIZE         =   ----    ----
END OF MODULE INFORMATION.


C51 COMPILATION COMPLETE.  0 WARNING(S),  0 ERROR(S)
